0 info it worked if it ends with ok
1 verbose cli [ '/usr/bin/node',
1 verbose cli   '/usr/bin/npm',
1 verbose cli   'install',
1 verbose cli   '-g',
1 verbose cli   'NodeInspector' ]
2 info using npm@1.4.28
3 info using node@v4.2.2
4 verbose cache add [ 'NodeInspector', null ]
5 verbose cache add name=undefined spec="NodeInspector" args=["NodeInspector",null]
6 verbose parsed url Url {
6 verbose parsed url   protocol: null,
6 verbose parsed url   slashes: null,
6 verbose parsed url   auth: null,
6 verbose parsed url   host: null,
6 verbose parsed url   port: null,
6 verbose parsed url   hostname: null,
6 verbose parsed url   hash: null,
6 verbose parsed url   search: null,
6 verbose parsed url   query: null,
6 verbose parsed url   pathname: 'NodeInspector',
6 verbose parsed url   path: 'NodeInspector',
6 verbose parsed url   href: 'NodeInspector' }
7 silly lockFile 7c710726-NodeInspector NodeInspector
8 verbose lock NodeInspector /home/jpfeiffer/.npm/7c710726-NodeInspector.lock
9 silly lockFile 7c710726-NodeInspector NodeInspector
10 silly lockFile 7c710726-NodeInspector NodeInspector
11 verbose addNamed [ 'NodeInspector', '' ]
12 verbose addNamed [ null, '*' ]
13 silly lockFile 7133ef47-NodeInspector NodeInspector@
14 verbose lock NodeInspector@ /home/jpfeiffer/.npm/7133ef47-NodeInspector.lock
15 silly addNameRange { name: 'NodeInspector', range: '*', hasData: false }
16 verbose request where is /NodeInspector
17 verbose request registry https://registry.npmjs.org/
18 verbose request id fbd5bbcb9f941285
19 verbose url raw /NodeInspector
20 verbose url resolving [ 'https://registry.npmjs.org/', './NodeInspector' ]
21 verbose url resolved https://registry.npmjs.org/NodeInspector
22 verbose request where is https://registry.npmjs.org/NodeInspector
23 info trying registry request attempt 1 at 5:47:21 AM
24 http GET https://registry.npmjs.org/NodeInspector
25 http 404 https://registry.npmjs.org/NodeInspector
26 silly registry.get cb [ 404,
26 silly registry.get   { 'content-type': 'application/json',
26 silly registry.get     'cache-control': 'max-age=0',
26 silly registry.get     'content-length': '2',
26 silly registry.get     'accept-ranges': 'bytes',
26 silly registry.get     date: 'Mon, 21 Dec 2015 12:47:21 GMT',
26 silly registry.get     via: '1.1 varnish',
26 silly registry.get     age: '0',
26 silly registry.get     connection: 'close',
26 silly registry.get     'x-served-by': 'cache-sjc3128-SJC',
26 silly registry.get     'x-cache': 'MISS',
26 silly registry.get     'x-cache-hits': '0',
26 silly registry.get     'x-timer': 'S1450702041.878100,VS0,VE87' } ]
27 silly lockFile 7133ef47-NodeInspector NodeInspector@
28 silly lockFile 7133ef47-NodeInspector NodeInspector@
29 error 404 Not Found
29 error 404
29 error 404 'NodeInspector' is not in the npm registry.
29 error 404 You should bug the author to publish it
29 error 404
29 error 404 Note that you can also install from a
29 error 404 tarball, folder, or http url, or git url.
30 error System Linux 3.14.0
31 error command "/usr/bin/node" "/usr/bin/npm" "install" "-g" "NodeInspector"
32 error cwd /home/jpfeiffer/Downloads/CodeCast
33 error node -v v4.2.2
34 error npm -v 1.4.28
35 error code E404
36 verbose exit [ 1, true ]
